2024-06-23 13:11:35.159  INFO SWG-1SHYFL3 --- [           main] c.b.p.PlaygroundApplication              : Starting PlaygroundApplication using Java 22.0.1 with PID 12108 (C:\Users\kbaganas\Downloads\playground\target\classes started by kbaganas in C:\Users\kbaganas\Downloads\playground)
2024-06-23 13:11:35.168 DEBUG SWG-1SHYFL3 --- [           main] c.b.p.PlaygroundApplication              : Running with Spring Boot v3.3.0, Spring v6.1.8
2024-06-23 13:11:35.172  INFO SWG-1SHYFL3 --- [           main] c.b.p.PlaygroundApplication              : No active profile set, falling back to 1 default profile: "default"
2024-06-23 13:11:35.230  INFO SWG-1SHYFL3 --- [           main] .s.b.d.c.l.DockerComposeLifecycleManager : Using Docker Compose file 'C:\Users\kbaganas\Downloads\playground\compose.yaml'
2024-06-23 13:11:36.756  INFO SWG-1SHYFL3 --- [utReader-stderr] o.s.b.d.c.c.DockerCli                    :  Container zookeeper_playground  Created
2024-06-23 13:11:36.756  INFO SWG-1SHYFL3 --- [utReader-stderr] o.s.b.d.c.c.DockerCli                    :  Container kafka_playground  Created
2024-06-23 13:11:36.757  INFO SWG-1SHYFL3 --- [utReader-stderr] o.s.b.d.c.c.DockerCli                    :  Container playground-kafdrop-1  Created
2024-06-23 13:11:36.768  INFO SWG-1SHYFL3 --- [utReader-stderr] o.s.b.d.c.c.DockerCli                    :  Container zookeeper_playground  Starting
2024-06-23 13:11:37.017  INFO SWG-1SHYFL3 --- [utReader-stderr] o.s.b.d.c.c.DockerCli                    :  Container zookeeper_playground  Started
2024-06-23 13:11:37.018  INFO SWG-1SHYFL3 --- [utReader-stderr] o.s.b.d.c.c.DockerCli                    :  Container kafka_playground  Starting
2024-06-23 13:11:37.321  INFO SWG-1SHYFL3 --- [utReader-stderr] o.s.b.d.c.c.DockerCli                    :  Container kafka_playground  Started
2024-06-23 13:11:37.321  INFO SWG-1SHYFL3 --- [utReader-stderr] o.s.b.d.c.c.DockerCli                    :  Container playground-kafdrop-1  Starting
2024-06-23 13:11:37.575  INFO SWG-1SHYFL3 --- [utReader-stderr] o.s.b.d.c.c.DockerCli                    :  Container playground-kafdrop-1  Started
2024-06-23 13:11:37.576  INFO SWG-1SHYFL3 --- [utReader-stderr] o.s.b.d.c.c.DockerCli                    :  Container kafka_playground  Waiting
2024-06-23 13:11:37.576  INFO SWG-1SHYFL3 --- [utReader-stderr] o.s.b.d.c.c.DockerCli                    :  Container playground-kafdrop-1  Waiting
2024-06-23 13:11:37.576  INFO SWG-1SHYFL3 --- [utReader-stderr] o.s.b.d.c.c.DockerCli                    :  Container zookeeper_playground  Waiting
2024-06-23 13:11:38.085  INFO SWG-1SHYFL3 --- [utReader-stderr] o.s.b.d.c.c.DockerCli                    :  Container playground-kafdrop-1  Healthy
2024-06-23 13:11:38.086  INFO SWG-1SHYFL3 --- [utReader-stderr] o.s.b.d.c.c.DockerCli                    :  Container zookeeper_playground  Healthy
2024-06-23 13:11:38.086  INFO SWG-1SHYFL3 --- [utReader-stderr] o.s.b.d.c.c.DockerCli                    :  Container kafka_playground  Healthy
2024-06-23 13:11:44.614  INFO SWG-1SHYFL3 --- [           main] o.s.c.c.s.GenericScope                   : BeanFactory id=165fe0df-b736-38c1-ad8d-943f6c124e43
2024-06-23 13:11:44.964  INFO SWG-1SHYFL3 --- [           main] o.s.b.w.e.t.TomcatWebServer              : Tomcat initialized with port 8080 (http)
2024-06-23 13:11:44.980  INFO SWG-1SHYFL3 --- [           main] o.a.c.h.Http11NioProtocol                : Initializing ProtocolHandler ["http-nio-8080"]
2024-06-23 13:11:44.980  INFO SWG-1SHYFL3 --- [           main] o.a.c.c.StandardService                  : Starting service [Tomcat]
2024-06-23 13:11:44.980  INFO SWG-1SHYFL3 --- [           main] o.a.c.c.StandardEngine                   : Starting Servlet engine: [Apache Tomcat/10.1.24]
2024-06-23 13:11:45.043  INFO SWG-1SHYFL3 --- [           main] o.a.c.c.C.[.[.[/]                        : Initializing Spring embedded WebApplicationContext
2024-06-23 13:11:45.043  INFO SWG-1SHYFL3 --- [           main] w.s.c.ServletWebServerApplicationContext : Root WebApplicationContext: initialization completed in 1645 ms
2024-06-23 13:11:45.233 DEBUG SWG-1SHYFL3 --- [           main] o.s.w.f.ServerHttpObservationFilter      : Filter 'webMvcObservationFilter' configured for use
2024-06-23 13:11:45.433 DEBUG SWG-1SHYFL3 --- [           main] s.w.s.m.m.a.RequestMappingHandlerMapping : 3 mappings in 'requestMappingHandlerMapping'
2024-06-23 13:11:45.465 DEBUG SWG-1SHYFL3 --- [           main] o.s.w.s.h.SimpleUrlHandlerMapping        : Patterns [/webjars/**, /**] in 'resourceHandlerMapping'
2024-06-23 13:11:45.568 DEBUG SWG-1SHYFL3 --- [           main] s.w.s.m.m.a.RequestMappingHandlerAdapter : ControllerAdvice beans: 0 @ModelAttribute, 0 @InitBinder, 1 RequestBodyAdvice, 1 ResponseBodyAdvice
2024-06-23 13:11:45.600 DEBUG SWG-1SHYFL3 --- [           main] .m.m.a.ExceptionHandlerExceptionResolver : ControllerAdvice beans: 0 @ExceptionHandler, 1 ResponseBodyAdvice
2024-06-23 13:11:45.631  WARN SWG-1SHYFL3 --- [           main] ion$DefaultTemplateResolverConfiguration : Cannot find template location: classpath:/templates/ (please add some templates, check your Thymeleaf configuration, or set spring.thymeleaf.check-template-location=false)
2024-06-23 13:11:46.037  INFO SWG-1SHYFL3 --- [           main] o.s.b.a.e.w.EndpointLinksResolver        : Exposing 1 endpoint beneath base path '/actuator'
2024-06-23 13:11:46.084  INFO SWG-1SHYFL3 --- [           main] o.a.c.h.Http11NioProtocol                : Starting ProtocolHandler ["http-nio-8080"]
2024-06-23 13:11:46.100  INFO SWG-1SHYFL3 --- [           main] o.s.b.w.e.t.TomcatWebServer              : Tomcat started on port 8080 (http) with context path '/'
2024-06-23 13:11:46.116  INFO SWG-1SHYFL3 --- [           main] c.b.p.PlaygroundApplication              : Started PlaygroundApplication in 11.407 seconds (process running for 12.279)
2024-06-23 13:11:46.133  INFO SWG-1SHYFL3 --- [           main] c.b.p.PlaygroundApplication              : Info log
2024-06-23 13:11:46.133 ERROR SWG-1SHYFL3 --- [           main] c.b.p.PlaygroundApplication              : Error log
2024-06-23 13:11:46.133  WARN SWG-1SHYFL3 --- [           main] c.b.p.PlaygroundApplication              : Warning message
2024-06-23 13:32:59.820  INFO SWG-1SHYFL3 --- [           main] c.b.p.PlaygroundApplication              : Starting PlaygroundApplication using Java 22.0.1 with PID 3884 (C:\Users\kbaganas\Downloads\playground\target\classes started by kbaganas in C:\Users\kbaganas\Downloads\playground)
2024-06-23 13:32:59.829 DEBUG SWG-1SHYFL3 --- [           main] c.b.p.PlaygroundApplication              : Running with Spring Boot v3.3.0, Spring v6.1.8
2024-06-23 13:32:59.830  INFO SWG-1SHYFL3 --- [           main] c.b.p.PlaygroundApplication              : No active profile set, falling back to 1 default profile: "default"
2024-06-23 13:32:59.892  INFO SWG-1SHYFL3 --- [           main] .s.b.d.c.l.DockerComposeLifecycleManager : Using Docker Compose file 'C:\Users\kbaganas\Downloads\playground\compose.yaml'
2024-06-23 13:33:01.529  INFO SWG-1SHYFL3 --- [utReader-stderr] o.s.b.d.c.c.DockerCli                    :  Container zookeeper_playground  Created
2024-06-23 13:33:01.530  INFO SWG-1SHYFL3 --- [utReader-stderr] o.s.b.d.c.c.DockerCli                    :  Container kafka_playground  Created
2024-06-23 13:33:01.530  INFO SWG-1SHYFL3 --- [utReader-stderr] o.s.b.d.c.c.DockerCli                    :  Container playground-kafdrop-1  Created
2024-06-23 13:33:01.542  INFO SWG-1SHYFL3 --- [utReader-stderr] o.s.b.d.c.c.DockerCli                    :  Container zookeeper_playground  Starting
2024-06-23 13:33:01.821  INFO SWG-1SHYFL3 --- [utReader-stderr] o.s.b.d.c.c.DockerCli                    :  Container zookeeper_playground  Started
2024-06-23 13:33:01.822  INFO SWG-1SHYFL3 --- [utReader-stderr] o.s.b.d.c.c.DockerCli                    :  Container kafka_playground  Starting
2024-06-23 13:33:02.142  INFO SWG-1SHYFL3 --- [utReader-stderr] o.s.b.d.c.c.DockerCli                    :  Container kafka_playground  Started
2024-06-23 13:33:02.142  INFO SWG-1SHYFL3 --- [utReader-stderr] o.s.b.d.c.c.DockerCli                    :  Container playground-kafdrop-1  Starting
2024-06-23 13:33:02.481  INFO SWG-1SHYFL3 --- [utReader-stderr] o.s.b.d.c.c.DockerCli                    :  Container playground-kafdrop-1  Started
2024-06-23 13:33:02.482  INFO SWG-1SHYFL3 --- [utReader-stderr] o.s.b.d.c.c.DockerCli                    :  Container kafka_playground  Waiting
2024-06-23 13:33:02.482  INFO SWG-1SHYFL3 --- [utReader-stderr] o.s.b.d.c.c.DockerCli                    :  Container playground-kafdrop-1  Waiting
2024-06-23 13:33:02.482  INFO SWG-1SHYFL3 --- [utReader-stderr] o.s.b.d.c.c.DockerCli                    :  Container zookeeper_playground  Waiting
2024-06-23 13:33:03.001  INFO SWG-1SHYFL3 --- [utReader-stderr] o.s.b.d.c.c.DockerCli                    :  Container zookeeper_playground  Healthy
2024-06-23 13:33:03.002  INFO SWG-1SHYFL3 --- [utReader-stderr] o.s.b.d.c.c.DockerCli                    :  Container kafka_playground  Healthy
2024-06-23 13:33:03.002  INFO SWG-1SHYFL3 --- [utReader-stderr] o.s.b.d.c.c.DockerCli                    :  Container playground-kafdrop-1  Healthy
2024-06-23 13:33:08.988  WARN SWG-1SHYFL3 --- [           main] ConfigServletWebServerApplicationContext : Exception encountered during context initialization - cancelling refresh attempt: java.lang.TypeNotPresentException: Type javax.servlet.http.HttpServletRequest not present
2024-06-23 13:33:08.999  INFO SWG-1SHYFL3 --- [           main] .s.b.a.l.ConditionEvaluationReportLogger : 

Error starting ApplicationContext. To display the condition evaluation report re-run your application with 'debug' enabled.
2024-06-23 13:33:09.020 ERROR SWG-1SHYFL3 --- [           main] o.s.b.SpringApplication                  : Application run failed
java.lang.TypeNotPresentException: Type javax.servlet.http.HttpServletRequest not present
	at java.base/sun.reflect.generics.factory.CoreReflectionFactory.makeNamedType(CoreReflectionFactory.java:116)
	at java.base/sun.reflect.generics.visitor.Reifier.visitClassTypeSignature(Reifier.java:125)
	at java.base/sun.reflect.generics.tree.ClassTypeSignature.accept(ClassTypeSignature.java:49)
	at java.base/sun.reflect.generics.visitor.Reifier.reifyTypeArguments(Reifier.java:68)
	at java.base/sun.reflect.generics.visitor.Reifier.visitClassTypeSignature(Reifier.java:138)
	at java.base/sun.reflect.generics.tree.ClassTypeSignature.accept(ClassTypeSignature.java:49)
	at java.base/sun.reflect.generics.repository.ClassRepository.computeSuperInterfaces(ClassRepository.java:117)
	at java.base/sun.reflect.generics.repository.ClassRepository.getSuperInterfaces(ClassRepository.java:95)
	at java.base/java.lang.Class.getGenericInterfaces(Class.java:1336)
	at org.springframework.core.ResolvableType.getInterfaces(ResolvableType.java:517)
	at org.springframework.core.ResolvableType.as(ResolvableType.java:465)
	at org.springframework.core.ResolvableType.forClass(ResolvableType.java:1093)
	at org.springframework.plugin.core.config.PluginRegistriesBeanDefinitionRegistrar.getTargetType(PluginRegistriesBeanDefinitionRegistrar.java:101)
	at org.springframework.plugin.core.config.PluginRegistriesBeanDefinitionRegistrar.registerBeanDefinitions(PluginRegistriesBeanDefinitionRegistrar.java:71)
	at org.springframework.context.annotation.ImportBeanDefinitionRegistrar.registerBeanDefinitions(ImportBeanDefinitionRegistrar.java:86)
	at org.springframework.context.annotation.ConfigurationClassBeanDefinitionReader.lambda$loadBeanDefinitionsFromRegistrars$1(ConfigurationClassBeanDefinitionReader.java:376)
	at java.base/java.util.LinkedHashMap.forEach(LinkedHashMap.java:986)
	at org.springframework.context.annotation.ConfigurationClassBeanDefinitionReader.loadBeanDefinitionsFromRegistrars(ConfigurationClassBeanDefinitionReader.java:375)
	at org.springframework.context.annotation.ConfigurationClassBeanDefinitionReader.loadBeanDefinitionsForConfigurationClass(ConfigurationClassBeanDefinitionReader.java:148)
	at org.springframework.context.annotation.ConfigurationClassBeanDefinitionReader.loadBeanDefinitions(ConfigurationClassBeanDefinitionReader.java:120)
	at org.springframework.context.annotation.ConfigurationClassPostProcessor.processConfigBeanDefinitions(ConfigurationClassPostProcessor.java:429)
	at org.springframework.context.annotation.ConfigurationClassPostProcessor.postProcessBeanDefinitionRegistry(ConfigurationClassPostProcessor.java:290)
	at org.springframework.context.support.PostProcessorRegistrationDelegate.invokeBeanDefinitionRegistryPostProcessors(PostProcessorRegistrationDelegate.java:349)
	at org.springframework.context.support.PostProcessorRegistrationDelegate.invokeBeanFactoryPostProcessors(PostProcessorRegistrationDelegate.java:118)
	at org.springframework.context.support.AbstractApplicationContext.invokeBeanFactoryPostProcessors(AbstractApplicationContext.java:788)
	at org.springframework.context.support.AbstractApplicationContext.refresh(AbstractApplicationContext.java:606)
	at org.springframework.boot.web.servlet.context.ServletWebServerApplicationContext.refresh(ServletWebServerApplicationContext.java:146)
	at org.springframework.boot.SpringApplication.refresh(SpringApplication.java:754)
	at org.springframework.boot.SpringApplication.refreshContext(SpringApplication.java:456)
	at org.springframework.boot.SpringApplication.run(SpringApplication.java:335)
	at org.springframework.boot.SpringApplication.run(SpringApplication.java:1363)
	at org.springframework.boot.SpringApplication.run(SpringApplication.java:1352)
	at com.bk.playground.PlaygroundApplication.main(PlaygroundApplication.java:15)
Caused by: java.lang.ClassNotFoundException: javax.servlet.http.HttpServletRequest
	at java.base/jdk.internal.loader.BuiltinClassLoader.loadClass(BuiltinClassLoader.java:641)
	at java.base/jdk.internal.loader.ClassLoaders$AppClassLoader.loadClass(ClassLoaders.java:188)
	at java.base/java.lang.ClassLoader.loadClass(ClassLoader.java:525)
	at java.base/java.lang.Class.forName0(Native Method)
	at java.base/java.lang.Class.forName(Class.java:529)
	at java.base/java.lang.Class.forName(Class.java:508)
	at java.base/sun.reflect.generics.factory.CoreReflectionFactory.makeNamedType(CoreReflectionFactory.java:113)
	... 32 more
2024-06-23 13:35:18.523  INFO SWG-1SHYFL3 --- [           main] c.b.p.PlaygroundApplication              : Starting PlaygroundApplication using Java 22.0.1 with PID 15424 (C:\Users\kbaganas\Downloads\playground\target\classes started by kbaganas in C:\Users\kbaganas\Downloads\playground)
2024-06-23 13:35:18.533 DEBUG SWG-1SHYFL3 --- [           main] c.b.p.PlaygroundApplication              : Running with Spring Boot v3.3.0, Spring v6.1.8
2024-06-23 13:35:18.535  INFO SWG-1SHYFL3 --- [           main] c.b.p.PlaygroundApplication              : No active profile set, falling back to 1 default profile: "default"
2024-06-23 13:35:18.594  INFO SWG-1SHYFL3 --- [           main] .s.b.d.c.l.DockerComposeLifecycleManager : Using Docker Compose file 'C:\Users\kbaganas\Downloads\playground\compose.yaml'
2024-06-23 13:35:20.027  INFO SWG-1SHYFL3 --- [utReader-stderr] o.s.b.d.c.c.DockerCli                    :  Container zookeeper_playground  Created
2024-06-23 13:35:20.027  INFO SWG-1SHYFL3 --- [utReader-stderr] o.s.b.d.c.c.DockerCli                    :  Container kafka_playground  Created
2024-06-23 13:35:20.027  INFO SWG-1SHYFL3 --- [utReader-stderr] o.s.b.d.c.c.DockerCli                    :  Container playground-kafdrop-1  Created
2024-06-23 13:35:20.040  INFO SWG-1SHYFL3 --- [utReader-stderr] o.s.b.d.c.c.DockerCli                    :  Container zookeeper_playground  Starting
2024-06-23 13:35:20.325  INFO SWG-1SHYFL3 --- [utReader-stderr] o.s.b.d.c.c.DockerCli                    :  Container zookeeper_playground  Started
2024-06-23 13:35:20.325  INFO SWG-1SHYFL3 --- [utReader-stderr] o.s.b.d.c.c.DockerCli                    :  Container kafka_playground  Starting
2024-06-23 13:35:20.633  INFO SWG-1SHYFL3 --- [utReader-stderr] o.s.b.d.c.c.DockerCli                    :  Container kafka_playground  Started
2024-06-23 13:35:20.633  INFO SWG-1SHYFL3 --- [utReader-stderr] o.s.b.d.c.c.DockerCli                    :  Container playground-kafdrop-1  Starting
2024-06-23 13:35:20.918  INFO SWG-1SHYFL3 --- [utReader-stderr] o.s.b.d.c.c.DockerCli                    :  Container playground-kafdrop-1  Started
2024-06-23 13:35:20.919  INFO SWG-1SHYFL3 --- [utReader-stderr] o.s.b.d.c.c.DockerCli                    :  Container kafka_playground  Waiting
2024-06-23 13:35:20.919  INFO SWG-1SHYFL3 --- [utReader-stderr] o.s.b.d.c.c.DockerCli                    :  Container playground-kafdrop-1  Waiting
2024-06-23 13:35:20.919  INFO SWG-1SHYFL3 --- [utReader-stderr] o.s.b.d.c.c.DockerCli                    :  Container zookeeper_playground  Waiting
2024-06-23 13:35:21.434  INFO SWG-1SHYFL3 --- [utReader-stderr] o.s.b.d.c.c.DockerCli                    :  Container kafka_playground  Healthy
2024-06-23 13:35:21.434  INFO SWG-1SHYFL3 --- [utReader-stderr] o.s.b.d.c.c.DockerCli                    :  Container zookeeper_playground  Healthy
2024-06-23 13:35:21.434  INFO SWG-1SHYFL3 --- [utReader-stderr] o.s.b.d.c.c.DockerCli                    :  Container playground-kafdrop-1  Healthy
2024-06-23 13:35:27.143  WARN SWG-1SHYFL3 --- [           main] ConfigServletWebServerApplicationContext : Exception encountered during context initialization - cancelling refresh attempt: java.lang.TypeNotPresentException: Type javax.servlet.http.HttpServletRequest not present
2024-06-23 13:35:27.152  INFO SWG-1SHYFL3 --- [           main] .s.b.a.l.ConditionEvaluationReportLogger : 

Error starting ApplicationContext. To display the condition evaluation report re-run your application with 'debug' enabled.
2024-06-23 13:35:27.170 ERROR SWG-1SHYFL3 --- [           main] o.s.b.SpringApplication                  : Application run failed
java.lang.TypeNotPresentException: Type javax.servlet.http.HttpServletRequest not present
	at java.base/sun.reflect.generics.factory.CoreReflectionFactory.makeNamedType(CoreReflectionFactory.java:116)
	at java.base/sun.reflect.generics.visitor.Reifier.visitClassTypeSignature(Reifier.java:125)
	at java.base/sun.reflect.generics.tree.ClassTypeSignature.accept(ClassTypeSignature.java:49)
	at java.base/sun.reflect.generics.visitor.Reifier.reifyTypeArguments(Reifier.java:68)
	at java.base/sun.reflect.generics.visitor.Reifier.visitClassTypeSignature(Reifier.java:138)
	at java.base/sun.reflect.generics.tree.ClassTypeSignature.accept(ClassTypeSignature.java:49)
	at java.base/sun.reflect.generics.repository.ClassRepository.computeSuperInterfaces(ClassRepository.java:117)
	at java.base/sun.reflect.generics.repository.ClassRepository.getSuperInterfaces(ClassRepository.java:95)
	at java.base/java.lang.Class.getGenericInterfaces(Class.java:1336)
	at org.springframework.core.ResolvableType.getInterfaces(ResolvableType.java:517)
	at org.springframework.core.ResolvableType.as(ResolvableType.java:465)
	at org.springframework.core.ResolvableType.forClass(ResolvableType.java:1093)
	at org.springframework.plugin.core.config.PluginRegistriesBeanDefinitionRegistrar.getTargetType(PluginRegistriesBeanDefinitionRegistrar.java:101)
	at org.springframework.plugin.core.config.PluginRegistriesBeanDefinitionRegistrar.registerBeanDefinitions(PluginRegistriesBeanDefinitionRegistrar.java:71)
	at org.springframework.context.annotation.ImportBeanDefinitionRegistrar.registerBeanDefinitions(ImportBeanDefinitionRegistrar.java:86)
	at org.springframework.context.annotation.ConfigurationClassBeanDefinitionReader.lambda$loadBeanDefinitionsFromRegistrars$1(ConfigurationClassBeanDefinitionReader.java:376)
	at java.base/java.util.LinkedHashMap.forEach(LinkedHashMap.java:986)
	at org.springframework.context.annotation.ConfigurationClassBeanDefinitionReader.loadBeanDefinitionsFromRegistrars(ConfigurationClassBeanDefinitionReader.java:375)
	at org.springframework.context.annotation.ConfigurationClassBeanDefinitionReader.loadBeanDefinitionsForConfigurationClass(ConfigurationClassBeanDefinitionReader.java:148)
	at org.springframework.context.annotation.ConfigurationClassBeanDefinitionReader.loadBeanDefinitions(ConfigurationClassBeanDefinitionReader.java:120)
	at org.springframework.context.annotation.ConfigurationClassPostProcessor.processConfigBeanDefinitions(ConfigurationClassPostProcessor.java:429)
	at org.springframework.context.annotation.ConfigurationClassPostProcessor.postProcessBeanDefinitionRegistry(ConfigurationClassPostProcessor.java:290)
	at org.springframework.context.support.PostProcessorRegistrationDelegate.invokeBeanDefinitionRegistryPostProcessors(PostProcessorRegistrationDelegate.java:349)
	at org.springframework.context.support.PostProcessorRegistrationDelegate.invokeBeanFactoryPostProcessors(PostProcessorRegistrationDelegate.java:118)
	at org.springframework.context.support.AbstractApplicationContext.invokeBeanFactoryPostProcessors(AbstractApplicationContext.java:788)
	at org.springframework.context.support.AbstractApplicationContext.refresh(AbstractApplicationContext.java:606)
	at org.springframework.boot.web.servlet.context.ServletWebServerApplicationContext.refresh(ServletWebServerApplicationContext.java:146)
	at org.springframework.boot.SpringApplication.refresh(SpringApplication.java:754)
	at org.springframework.boot.SpringApplication.refreshContext(SpringApplication.java:456)
	at org.springframework.boot.SpringApplication.run(SpringApplication.java:335)
	at org.springframework.boot.SpringApplication.run(SpringApplication.java:1363)
	at org.springframework.boot.SpringApplication.run(SpringApplication.java:1352)
	at com.bk.playground.PlaygroundApplication.main(PlaygroundApplication.java:15)
Caused by: java.lang.ClassNotFoundException: javax.servlet.http.HttpServletRequest
	at java.base/jdk.internal.loader.BuiltinClassLoader.loadClass(BuiltinClassLoader.java:641)
	at java.base/jdk.internal.loader.ClassLoaders$AppClassLoader.loadClass(ClassLoaders.java:188)
	at java.base/java.lang.ClassLoader.loadClass(ClassLoader.java:525)
	at java.base/java.lang.Class.forName0(Native Method)
	at java.base/java.lang.Class.forName(Class.java:529)
	at java.base/java.lang.Class.forName(Class.java:508)
	at java.base/sun.reflect.generics.factory.CoreReflectionFactory.makeNamedType(CoreReflectionFactory.java:113)
	... 32 more
2024-06-23 13:40:05.544  INFO SWG-1SHYFL3 --- [           main] c.b.p.PlaygroundApplication              : Starting PlaygroundApplication using Java 22.0.1 with PID 23940 (C:\Users\kbaganas\Downloads\playground\target\classes started by kbaganas in C:\Users\kbaganas\Downloads\playground)
2024-06-23 13:40:05.551 DEBUG SWG-1SHYFL3 --- [           main] c.b.p.PlaygroundApplication              : Running with Spring Boot v3.3.0, Spring v6.1.8
2024-06-23 13:40:05.553  INFO SWG-1SHYFL3 --- [           main] c.b.p.PlaygroundApplication              : No active profile set, falling back to 1 default profile: "default"
2024-06-23 13:40:05.611  INFO SWG-1SHYFL3 --- [           main] .s.b.d.c.l.DockerComposeLifecycleManager : Using Docker Compose file 'C:\Users\kbaganas\Downloads\playground\compose.yaml'
2024-06-23 13:40:06.974  INFO SWG-1SHYFL3 --- [utReader-stderr] o.s.b.d.c.c.DockerCli                    :  Container zookeeper_playground  Created
2024-06-23 13:40:06.975  INFO SWG-1SHYFL3 --- [utReader-stderr] o.s.b.d.c.c.DockerCli                    :  Container kafka_playground  Created
2024-06-23 13:40:06.975  INFO SWG-1SHYFL3 --- [utReader-stderr] o.s.b.d.c.c.DockerCli                    :  Container playground-kafdrop-1  Created
2024-06-23 13:40:06.986  INFO SWG-1SHYFL3 --- [utReader-stderr] o.s.b.d.c.c.DockerCli                    :  Container zookeeper_playground  Starting
2024-06-23 13:40:07.247  INFO SWG-1SHYFL3 --- [utReader-stderr] o.s.b.d.c.c.DockerCli                    :  Container zookeeper_playground  Started
2024-06-23 13:40:07.248  INFO SWG-1SHYFL3 --- [utReader-stderr] o.s.b.d.c.c.DockerCli                    :  Container kafka_playground  Starting
2024-06-23 13:40:07.546  INFO SWG-1SHYFL3 --- [utReader-stderr] o.s.b.d.c.c.DockerCli                    :  Container kafka_playground  Started
2024-06-23 13:40:07.547  INFO SWG-1SHYFL3 --- [utReader-stderr] o.s.b.d.c.c.DockerCli                    :  Container playground-kafdrop-1  Starting
2024-06-23 13:40:07.804  INFO SWG-1SHYFL3 --- [utReader-stderr] o.s.b.d.c.c.DockerCli                    :  Container playground-kafdrop-1  Started
2024-06-23 13:40:07.805  INFO SWG-1SHYFL3 --- [utReader-stderr] o.s.b.d.c.c.DockerCli                    :  Container playground-kafdrop-1  Waiting
2024-06-23 13:40:07.805  INFO SWG-1SHYFL3 --- [utReader-stderr] o.s.b.d.c.c.DockerCli                    :  Container zookeeper_playground  Waiting
2024-06-23 13:40:07.805  INFO SWG-1SHYFL3 --- [utReader-stderr] o.s.b.d.c.c.DockerCli                    :  Container kafka_playground  Waiting
2024-06-23 13:40:08.312  INFO SWG-1SHYFL3 --- [utReader-stderr] o.s.b.d.c.c.DockerCli                    :  Container playground-kafdrop-1  Healthy
2024-06-23 13:40:08.313  INFO SWG-1SHYFL3 --- [utReader-stderr] o.s.b.d.c.c.DockerCli                    :  Container zookeeper_playground  Healthy
2024-06-23 13:40:08.313  INFO SWG-1SHYFL3 --- [utReader-stderr] o.s.b.d.c.c.DockerCli                    :  Container kafka_playground  Healthy
2024-06-23 13:40:14.808  INFO SWG-1SHYFL3 --- [           main] o.s.c.c.s.GenericScope                   : BeanFactory id=596e6dc5-a7fc-3d52-bcc3-5238094cb6a1
2024-06-23 13:40:15.165  INFO SWG-1SHYFL3 --- [           main] o.s.b.w.e.t.TomcatWebServer              : Tomcat initialized with port 8080 (http)
2024-06-23 13:40:15.180  INFO SWG-1SHYFL3 --- [           main] o.a.c.h.Http11NioProtocol                : Initializing ProtocolHandler ["http-nio-8080"]
2024-06-23 13:40:15.184  INFO SWG-1SHYFL3 --- [           main] o.a.c.c.StandardService                  : Starting service [Tomcat]
2024-06-23 13:40:15.185  INFO SWG-1SHYFL3 --- [           main] o.a.c.c.StandardEngine                   : Starting Servlet engine: [Apache Tomcat/10.1.24]
2024-06-23 13:40:15.255  INFO SWG-1SHYFL3 --- [           main] o.a.c.c.C.[.[.[/]                        : Initializing Spring embedded WebApplicationContext
2024-06-23 13:40:15.256  INFO SWG-1SHYFL3 --- [           main] w.s.c.ServletWebServerApplicationContext : Root WebApplicationContext: initialization completed in 1854 ms
2024-06-23 13:40:15.448 DEBUG SWG-1SHYFL3 --- [           main] o.s.w.f.ServerHttpObservationFilter      : Filter 'webMvcObservationFilter' configured for use
2024-06-23 13:40:15.741 DEBUG SWG-1SHYFL3 --- [           main] s.w.s.m.m.a.RequestMappingHandlerMapping : 7 mappings in 'requestMappingHandlerMapping'
2024-06-23 13:40:15.775 DEBUG SWG-1SHYFL3 --- [           main] o.s.w.s.h.SimpleUrlHandlerMapping        : Patterns [/webjars/**, /**, /swagger-ui*/*swagger-initializer.js, /swagger-ui*/**] in 'resourceHandlerMapping'
2024-06-23 13:40:15.888 DEBUG SWG-1SHYFL3 --- [           main] s.w.s.m.m.a.RequestMappingHandlerAdapter : ControllerAdvice beans: 0 @ModelAttribute, 0 @InitBinder, 1 RequestBodyAdvice, 1 ResponseBodyAdvice
2024-06-23 13:40:15.933 DEBUG SWG-1SHYFL3 --- [           main] .m.m.a.ExceptionHandlerExceptionResolver : ControllerAdvice beans: 1 @ExceptionHandler, 1 ResponseBodyAdvice
2024-06-23 13:40:15.972  WARN SWG-1SHYFL3 --- [           main] ion$DefaultTemplateResolverConfiguration : Cannot find template location: classpath:/templates/ (please add some templates, check your Thymeleaf configuration, or set spring.thymeleaf.check-template-location=false)
2024-06-23 13:40:16.419  INFO SWG-1SHYFL3 --- [           main] o.s.b.a.e.w.EndpointLinksResolver        : Exposing 1 endpoint beneath base path '/actuator'
2024-06-23 13:40:16.460  INFO SWG-1SHYFL3 --- [           main] o.a.c.h.Http11NioProtocol                : Starting ProtocolHandler ["http-nio-8080"]
2024-06-23 13:40:16.473  INFO SWG-1SHYFL3 --- [           main] o.s.b.w.e.t.TomcatWebServer              : Tomcat started on port 8080 (http) with context path '/'
2024-06-23 13:40:16.506  INFO SWG-1SHYFL3 --- [           main] c.b.p.PlaygroundApplication              : Started PlaygroundApplication in 11.385 seconds (process running for 12.418)
2024-06-23 13:40:16.514  INFO SWG-1SHYFL3 --- [           main] c.b.p.PlaygroundApplication              : Info log
2024-06-23 13:40:16.515 ERROR SWG-1SHYFL3 --- [           main] c.b.p.PlaygroundApplication              : Error log
2024-06-23 13:40:16.515  WARN SWG-1SHYFL3 --- [           main] c.b.p.PlaygroundApplication              : Warning message
2024-06-23 13:40:24.276  INFO SWG-1SHYFL3 --- [nio-8080-exec-1] o.a.c.c.C.[.[.[/]                        : Initializing Spring DispatcherServlet 'dispatcherServlet'
2024-06-23 13:40:24.276  INFO SWG-1SHYFL3 --- [nio-8080-exec-1] o.s.w.s.DispatcherServlet                : Initializing Servlet 'dispatcherServlet'
2024-06-23 13:40:24.276 DEBUG SWG-1SHYFL3 --- [nio-8080-exec-1] o.s.w.s.DispatcherServlet                : Detected StandardServletMultipartResolver
2024-06-23 13:40:24.276 DEBUG SWG-1SHYFL3 --- [nio-8080-exec-1] o.s.w.s.DispatcherServlet                : Detected AcceptHeaderLocaleResolver
2024-06-23 13:40:24.276 DEBUG SWG-1SHYFL3 --- [nio-8080-exec-1] o.s.w.s.DispatcherServlet                : Detected FixedThemeResolver
2024-06-23 13:40:24.277 DEBUG SWG-1SHYFL3 --- [nio-8080-exec-1] o.s.w.s.DispatcherServlet                : Detected org.springframework.web.servlet.view.DefaultRequestToViewNameTranslator@2f2b3224
2024-06-23 13:40:24.277 DEBUG SWG-1SHYFL3 --- [nio-8080-exec-1] o.s.w.s.DispatcherServlet                : Detected org.springframework.web.servlet.support.SessionFlashMapManager@5117fa79
2024-06-23 13:40:24.278 DEBUG SWG-1SHYFL3 --- [nio-8080-exec-1] o.s.w.s.DispatcherServlet                : enableLoggingRequestDetails='false': request parameters and headers will be masked to prevent unsafe logging of potentially sensitive data
2024-06-23 13:40:24.278  INFO SWG-1SHYFL3 --- [nio-8080-exec-1] o.s.w.s.DispatcherServlet                : Completed initialization in 2 ms
2024-06-23 13:40:24.292 DEBUG SWG-1SHYFL3 --- [nio-8080-exec-1] o.s.w.s.DispatcherServlet                : GET "/swagger-ui/index.html", parameters={}
2024-06-23 13:40:24.303 DEBUG SWG-1SHYFL3 --- [nio-8080-exec-1] o.s.w.s.h.SimpleUrlHandlerMapping        : Mapped to ResourceHttpRequestHandler [classpath [META-INF/resources/webjars/]]
2024-06-23 13:40:24.325 DEBUG SWG-1SHYFL3 --- [nio-8080-exec-1] o.s.w.s.DispatcherServlet                : Completed 200 OK
2024-06-23 13:40:24.365 DEBUG SWG-1SHYFL3 --- [nio-8080-exec-2] o.s.w.s.DispatcherServlet                : GET "/swagger-ui/swagger-ui.css", parameters={}
2024-06-23 13:40:24.365 DEBUG SWG-1SHYFL3 --- [nio-8080-exec-2] o.s.w.s.h.SimpleUrlHandlerMapping        : Mapped to ResourceHttpRequestHandler [classpath [META-INF/resources/webjars/]]
2024-06-23 13:40:24.366 DEBUG SWG-1SHYFL3 --- [nio-8080-exec-3] o.s.w.s.DispatcherServlet                : GET "/swagger-ui/index.css", parameters={}
2024-06-23 13:40:24.366 DEBUG SWG-1SHYFL3 --- [nio-8080-exec-5] o.s.w.s.DispatcherServlet                : GET "/swagger-ui/swagger-ui-standalone-preset.js", parameters={}
2024-06-23 13:40:24.366 DEBUG SWG-1SHYFL3 --- [nio-8080-exec-4] o.s.w.s.DispatcherServlet                : GET "/swagger-ui/swagger-ui-bundle.js", parameters={}
2024-06-23 13:40:24.374 DEBUG SWG-1SHYFL3 --- [nio-8080-exec-5] o.s.w.s.h.SimpleUrlHandlerMapping        : Mapped to ResourceHttpRequestHandler [classpath [META-INF/resources/webjars/]]
2024-06-23 13:40:24.374 DEBUG SWG-1SHYFL3 --- [nio-8080-exec-6] o.s.w.s.DispatcherServlet                : GET "/swagger-ui/swagger-initializer.js", parameters={}
2024-06-23 13:40:24.375 DEBUG SWG-1SHYFL3 --- [nio-8080-exec-6] o.s.w.s.h.SimpleUrlHandlerMapping        : Mapped to ResourceHttpRequestHandler [classpath [META-INF/resources/webjars/]]
2024-06-23 13:40:24.376 DEBUG SWG-1SHYFL3 --- [nio-8080-exec-3] o.s.w.s.h.SimpleUrlHandlerMapping        : Mapped to ResourceHttpRequestHandler [classpath [META-INF/resources/webjars/]]
2024-06-23 13:40:24.376 DEBUG SWG-1SHYFL3 --- [nio-8080-exec-2] o.s.w.s.DispatcherServlet                : Completed 200 OK
2024-06-23 13:40:24.378 DEBUG SWG-1SHYFL3 --- [nio-8080-exec-4] o.s.w.s.h.SimpleUrlHandlerMapping        : Mapped to ResourceHttpRequestHandler [classpath [META-INF/resources/webjars/]]
2024-06-23 13:40:24.378 DEBUG SWG-1SHYFL3 --- [nio-8080-exec-3] o.s.w.s.DispatcherServlet                : Completed 200 OK
2024-06-23 13:40:24.378 DEBUG SWG-1SHYFL3 --- [nio-8080-exec-5] o.s.w.s.DispatcherServlet                : Completed 200 OK
2024-06-23 13:40:24.393 DEBUG SWG-1SHYFL3 --- [nio-8080-exec-4] o.s.w.s.DispatcherServlet                : Completed 200 OK
2024-06-23 13:40:24.404 DEBUG SWG-1SHYFL3 --- [nio-8080-exec-6] o.s.w.s.DispatcherServlet                : Completed 200 OK
2024-06-23 13:40:24.614 DEBUG SWG-1SHYFL3 --- [nio-8080-exec-7] o.s.w.s.DispatcherServlet                : GET "/v3/api-docs/swagger-config", parameters={}
2024-06-23 13:40:24.617 DEBUG SWG-1SHYFL3 --- [nio-8080-exec-7] s.w.s.m.m.a.RequestMappingHandlerMapping : Mapped to org.springdoc.webmvc.ui.SwaggerConfigResource#openapiJson(HttpServletRequest)
2024-06-23 13:40:24.620 DEBUG SWG-1SHYFL3 --- [nio-8080-exec-8] o.s.w.s.DispatcherServlet                : GET "/swagger-ui/favicon-32x32.png", parameters={}
2024-06-23 13:40:24.622 DEBUG SWG-1SHYFL3 --- [nio-8080-exec-8] o.s.w.s.h.SimpleUrlHandlerMapping        : Mapped to ResourceHttpRequestHandler [classpath [META-INF/resources/webjars/]]
2024-06-23 13:40:24.624 DEBUG SWG-1SHYFL3 --- [nio-8080-exec-8] o.s.w.s.DispatcherServlet                : Completed 200 OK
2024-06-23 13:40:24.643 DEBUG SWG-1SHYFL3 --- [nio-8080-exec-7] m.m.a.RequestResponseBodyMethodProcessor : Using 'application/json', given [*/*] and supported [application/json]
2024-06-23 13:40:24.646 DEBUG SWG-1SHYFL3 --- [nio-8080-exec-7] m.m.a.RequestResponseBodyMethodProcessor : Writing [{configUrl=/v3/api-docs/swagger-config, oauth2RedirectUrl=http://localhost:8080/swagger-ui/oauth2-re (truncated)...]
2024-06-23 13:40:24.652 DEBUG SWG-1SHYFL3 --- [nio-8080-exec-7] o.s.w.s.DispatcherServlet                : Completed 200 OK
2024-06-23 13:40:24.660 DEBUG SWG-1SHYFL3 --- [nio-8080-exec-9] o.s.w.s.DispatcherServlet                : GET "/v3/api-docs", parameters={}
2024-06-23 13:40:24.660 DEBUG SWG-1SHYFL3 --- [nio-8080-exec-9] s.w.s.m.m.a.RequestMappingHandlerMapping : Mapped to org.springdoc.webmvc.api.OpenApiWebMvcResource#openapiJson(HttpServletRequest, String, Locale)
2024-06-23 13:40:24.811  INFO SWG-1SHYFL3 --- [nio-8080-exec-9] o.s.a.AbstractOpenApiResource            : Init duration for springdoc-openapi is: 142 ms
2024-06-23 13:40:24.832 DEBUG SWG-1SHYFL3 --- [nio-8080-exec-9] m.m.a.RequestResponseBodyMethodProcessor : Using 'application/json', given [application/json, */*] and supported [application/json]
2024-06-23 13:40:24.833 DEBUG SWG-1SHYFL3 --- [nio-8080-exec-9] m.m.a.RequestResponseBodyMethodProcessor : Writing [{123, 34, 111, 112, 101, 110, 97, 112, 105, 34, 58, 34, 51, 46, 48, 46, 49, 34, 44, 34, 105, 110, 10 (truncated)...]
2024-06-23 13:40:24.834 DEBUG SWG-1SHYFL3 --- [nio-8080-exec-9] o.s.w.s.DispatcherServlet                : Completed 200 OK
2024-06-23 13:41:10.631 DEBUG SWG-1SHYFL3 --- [io-8080-exec-10] o.s.w.s.DispatcherServlet                : POST "/immigrants", parameters={}
2024-06-23 13:41:10.632 DEBUG SWG-1SHYFL3 --- [io-8080-exec-10] s.w.s.m.m.a.RequestMappingHandlerMapping : Mapped to com.bk.playground.controller.api.ImmigrantController#createImmigrantRecord(ImmigrantRequest)
2024-06-23 13:41:10.648 DEBUG SWG-1SHYFL3 --- [io-8080-exec-10] m.m.a.RequestResponseBodyMethodProcessor : Read "application/json;charset=UTF-8" to [com.bk.playground.controller.request.ImmigrantRequest@40665fab]
2024-06-23 13:41:10.650  INFO SWG-1SHYFL3 --- [io-8080-exec-10] c.b.p.r.ImmigrantRepository              : immigrant_fistName: string
2024-06-23 13:41:10.651  INFO SWG-1SHYFL3 --- [io-8080-exec-10] c.b.p.r.ImmigrantRepository              : immigrant_surName: string
2024-06-23 13:41:10.651  INFO SWG-1SHYFL3 --- [io-8080-exec-10] c.b.p.r.ImmigrantRepository              : immigrant_originatingCountry: string
2024-06-23 13:41:10.651  INFO SWG-1SHYFL3 --- [io-8080-exec-10] c.b.p.r.ImmigrantRepository              : immigrant_personalIDNumber: string
2024-06-23 13:41:10.651  INFO SWG-1SHYFL3 --- [io-8080-exec-10] c.b.p.r.ImmigrantRepository              : immigrant_personalIDType: string
2024-06-23 13:41:10.653 DEBUG SWG-1SHYFL3 --- [io-8080-exec-10] o.s.w.s.m.m.a.HttpEntityMethodProcessor  : Using 'application/octet-stream', given [*/*] and supported [*/*]
2024-06-23 13:41:10.653 DEBUG SWG-1SHYFL3 --- [io-8080-exec-10] o.s.w.s.DispatcherServlet                : Completed 201 CREATED
2024-06-23 13:41:46.565 DEBUG SWG-1SHYFL3 --- [nio-8080-exec-4] o.s.w.s.DispatcherServlet                : POST "/immigrants", parameters={}
2024-06-23 13:41:46.565 DEBUG SWG-1SHYFL3 --- [nio-8080-exec-4] s.w.s.m.m.a.RequestMappingHandlerMapping : Mapped to com.bk.playground.controller.api.ImmigrantController#createImmigrantRecord(ImmigrantRequest)
2024-06-23 13:41:46.566 DEBUG SWG-1SHYFL3 --- [nio-8080-exec-4] m.m.a.RequestResponseBodyMethodProcessor : Read "application/json;charset=UTF-8" to [com.bk.playground.controller.request.ImmigrantRequest@5eed2eaa]
2024-06-23 13:41:46.566  INFO SWG-1SHYFL3 --- [nio-8080-exec-4] c.b.p.r.ImmigrantRepository              : immigrant_fistName: Dinos
2024-06-23 13:41:46.566  INFO SWG-1SHYFL3 --- [nio-8080-exec-4] c.b.p.r.ImmigrantRepository              : immigrant_surName: Baganas
2024-06-23 13:41:46.567  INFO SWG-1SHYFL3 --- [nio-8080-exec-4] c.b.p.r.ImmigrantRepository              : immigrant_originatingCountry: Greece
2024-06-23 13:41:46.567  INFO SWG-1SHYFL3 --- [nio-8080-exec-4] c.b.p.r.ImmigrantRepository              : immigrant_personalIDNumber: AN123456
2024-06-23 13:41:46.567  INFO SWG-1SHYFL3 --- [nio-8080-exec-4] c.b.p.r.ImmigrantRepository              : immigrant_personalIDType: PoliceID
2024-06-23 13:41:46.567 DEBUG SWG-1SHYFL3 --- [nio-8080-exec-4] o.s.w.s.m.m.a.HttpEntityMethodProcessor  : Using 'application/octet-stream', given [*/*] and supported [*/*]
2024-06-23 13:41:46.567 DEBUG SWG-1SHYFL3 --- [nio-8080-exec-4] o.s.w.s.DispatcherServlet                : Completed 201 CREATED
